<?xml version="1.0" encoding="UTF-8"?>
<testsuite name="CatTest" tests="1" skipped="0" failures="0" errors="0" timestamp="2020-09-22T03:49:48" hostname="DESKTOP-MOQB146" time="0.004">
  <properties/>
  <testcase name="shouldClearLitterbox" classname="CatTest" time="0.004"/>
  <system-out><![CDATA[]]></system-out>
  <system-err><![CDATA[]]></system-err>
</testsuite>
